<?xml version="1.0" encoding="UTF-8"?>
<!-- Generated by org.testng.reporters.JUnitReportReporter -->
<testsuite hostname="Shekhar-PC" failures="0" tests="1" name="com.actiTime.test.TC03Test" time="16.435" errors="0" timestamp="08 May 2019 14:35:08 GMT" skipped="0">
  <testcase classname="com.actiTime.test.TC03Test" name="testTC03" time="16.435"/>
</testsuite> <!-- com.actiTime.test.TC03Test -->
