<?xml version="1.0" encoding="UTF-8"?>
<!-- Generated by org.testng.reporters.JUnitReportReporter -->
<testsuite hostname="Shekhar-PC" failures="0" tests="1" name="com.actiTime.test.TC06Test" time="74.732" errors="0" timestamp="20 Mar 2019 10:19:34 GMT" skipped="0">
  <testcase classname="com.actiTime.test.TC06Test" name="testTC06" time="74.732"/>
</testsuite> <!-- com.actiTime.test.TC06Test -->
