<?xml version="1.0" encoding="UTF-8"?>
<!-- Generated by org.testng.reporters.JUnitReportReporter -->
<testsuite hostname="Shekhar-PC" failures="0" tests="1" name="com.actiTime.test.TC02Test" time="24.809" errors="0" timestamp="20 Mar 2019 03:51:25 GMT" skipped="0">
  <testcase classname="com.actiTime.test.TC02Test" name="testTC02" time="24.809"/>
</testsuite> <!-- com.actiTime.test.TC02Test -->
