<?xml version="1.0" encoding="UTF-8"?>
<!-- Generated by org.testng.reporters.JUnitReportReporter -->
<testsuite hostname="Shekhar-PC" failures="0" tests="1" name="com.listBox.test.VerifyListBoxTest" time="27.313" errors="0" timestamp="10 Jun 2019 06:12:07 GMT" skipped="0">
  <testcase classname="com.listBox.test.VerifyListBoxTest" name="testVerifyListBox" time="27.313"/>
</testsuite> <!-- com.listBox.test.VerifyListBoxTest -->
