<?xml version="1.0" encoding="UTF-8"?>
<!-- Generated by org.testng.reporters.JUnitReportReporter -->
<testsuite hostname="Shekhar-PC" failures="0" tests="1" name="com.actiTime.test.TC01Test" time="37.958" errors="0" timestamp="17 Mar 2019 14:49:40 GMT" skipped="0">
  <testcase classname="com.actiTime.test.TC01Test" name="testTC01" time="37.958"/>
</testsuite> <!-- com.actiTime.test.TC01Test -->
