<?xml version="1.0" encoding="UTF-8"?>
<!-- Generated by org.testng.reporters.JUnitReportReporter -->
<testsuite hostname="Shekhar-PC" failures="0" tests="1" name="com.actiTime.test.TC03Test" time="8.081" errors="0" timestamp="02 Mar 2019 09:46:21 GMT" skipped="0">
  <testcase classname="com.actiTime.test.TC03Test" name="testTC03" time="8.081"/>
</testsuite> <!-- com.actiTime.test.TC03Test -->
