<?xml version="1.0" encoding="UTF-8"?>
<!-- Generated by org.testng.reporters.JUnitReportReporter -->
<testsuite hostname="Shekhar-PC" failures="0" tests="1" name="com.actiTime.test.TC04Test" time="22.109" errors="0" timestamp="13 Mar 2019 18:22:09 GMT" skipped="0">
  <testcase classname="com.actiTime.test.TC04Test" name="testTC04" time="22.109"/>
</testsuite> <!-- com.actiTime.test.TC04Test -->
