<?xml version="1.0" encoding="UTF-8"?>
<!-- Generated by org.testng.reporters.JUnitReportReporter -->
<testsuite hostname="Shekhar-PC" failures="0" tests="1" name="com.actiTime.test.TC06Test" time="68.550" errors="0" timestamp="18 Mar 2019 13:02:03 GMT" skipped="0">
  <testcase classname="com.actiTime.test.TC06Test" name="testTC06" time="68.550"/>
</testsuite> <!-- com.actiTime.test.TC06Test -->
