<?xml version="1.0" encoding="UTF-8"?>
<!-- Generated by org.testng.reporters.JUnitReportReporter -->
<testsuite hostname="Shekhar-PC" failures="0" tests="1" name="com.actiTime.test.TC01Test" time="23.066" errors="0" timestamp="12 Mar 2019 04:00:18 GMT" skipped="0">
  <testcase classname="com.actiTime.test.TC01Test" name="testTC01" time="23.066"/>
</testsuite> <!-- com.actiTime.test.TC01Test -->
