<?xml version="1.0" encoding="UTF-8"?>
<!-- Generated by org.testng.reporters.JUnitReportReporter -->
<testsuite hostname="Shekhar-PC" failures="0" tests="1" name="com.actiTime.test.TC04Test" time="19.107" errors="0" timestamp="20 Mar 2019 03:51:25 GMT" skipped="0">
  <testcase classname="com.actiTime.test.TC04Test" name="testTC04" time="19.107"/>
</testsuite> <!-- com.actiTime.test.TC04Test -->
