<?xml version="1.0" encoding="UTF-8"?>
<!-- Generated by org.testng.reporters.JUnitReportReporter -->
<testsuite hostname="Shekhar-PC" failures="0" tests="1" name="com.actiTime.test.TC05Test" time="48.301" errors="0" timestamp="20 Mar 2019 09:55:23 GMT" skipped="0">
  <testcase classname="com.actiTime.test.TC05Test" name="testTC05" time="48.301"/>
</testsuite> <!-- com.actiTime.test.TC05Test -->
