<?xml version="1.0" encoding="UTF-8"?>
<!-- Generated by org.testng.reporters.JUnitReportReporter -->
<testsuite hostname="Shekhar-PC" failures="0" tests="1" name="com.listBox.test.VerifyListBoxTest" time="35.403" errors="0" timestamp="22 May 2019 13:42:18 GMT" skipped="0">
  <testcase classname="com.listBox.test.VerifyListBoxTest" name="testVerifyListBox" time="35.403"/>
</testsuite> <!-- com.listBox.test.VerifyListBoxTest -->
