<?xml version="1.0" encoding="UTF-8"?>
<!-- Generated by org.testng.reporters.JUnitReportReporter -->
<testsuite hostname="Shekhar-PC" failures="0" tests="1" name="com.actiTime.test.TC04Test" time="16.553" errors="0" timestamp="26 Feb 2019 13:41:36 GMT" skipped="0">
  <testcase classname="com.actiTime.test.TC04Test" name="testTC04" time="16.553"/>
</testsuite> <!-- com.actiTime.test.TC04Test -->
