<?xml version="1.0" encoding="UTF-8"?>
<!-- Generated by org.testng.reporters.JUnitReportReporter -->
<testsuite hostname="Shekhar-PC" failures="0" tests="1" name="com.actiTime.test.TC04Test" time="26.470" errors="0" timestamp="04 May 2019 17:46:55 GMT" skipped="0">
  <testcase classname="com.actiTime.test.TC04Test" name="testTC04" time="26.470"/>
</testsuite> <!-- com.actiTime.test.TC04Test -->
