<?xml version="1.0" encoding="UTF-8"?>
<!-- Generated by org.testng.reporters.JUnitReportReporter -->
<testsuite hostname="Shekhar-PC" failures="0" tests="1" name="com.actiTime.test.TC01Test" time="21.628" errors="0" timestamp="26 Feb 2019 13:40:10 GMT" skipped="0">
  <testcase classname="com.actiTime.test.TC01Test" name="testTC01" time="21.628"/>
</testsuite> <!-- com.actiTime.test.TC01Test -->
