<?xml version="1.0" encoding="UTF-8"?>
<!-- Generated by org.testng.reporters.JUnitReportReporter -->
<testsuite hostname="Shekhar-PC" failures="0" tests="1" name="com.actiTime.test.TC02Test" time="34.858" errors="0" timestamp="04 May 2019 17:46:55 GMT" skipped="0">
  <testcase classname="com.actiTime.test.TC02Test" name="testTC02" time="34.858"/>
</testsuite> <!-- com.actiTime.test.TC02Test -->
