<?xml version="1.0" encoding="UTF-8"?>
<!-- Generated by org.testng.reporters.JUnitReportReporter -->
<testsuite hostname="Shekhar-PC" failures="0" tests="1" name="com.actiTime.test.TC04Test" time="23.810" errors="0" timestamp="02 Mar 2019 09:55:38 GMT" skipped="0">
  <testcase classname="com.actiTime.test.TC04Test" name="testTC04" time="23.810"/>
</testsuite> <!-- com.actiTime.test.TC04Test -->
